<?xml version="1.0" encoding="UTF-8"?>
<!-- Generated by org.testng.reporters.JUnitReportReporter -->
<testsuite hostname="LAPTOP-J01TQCUN" failures="0" tests="1" name="com.facebook.testCases.TC_FacebookProfile_002" time="11.958" errors="0" timestamp="30 Jul 2021 08:05:24 GMT" skipped="0">
  <testcase classname="com.facebook.testCases.TC_FacebookProfile_002" name="verifyFacebookProfilePicture" time="11.958"/>
</testsuite> <!-- com.facebook.testCases.TC_FacebookProfile_002 -->
