<?xml version="1.0" encoding="UTF-8"?>
<!-- Generated by org.testng.reporters.JUnitReportReporter -->
<testsuite skipped="0" hostname="LAPTOP-J01TQCUN" name="com.facebook.testCases.TC_FacebookLoginPage_001" tests="1" failures="0" timestamp="29 Jul 2021 11:29:00 GMT" time="6.067" errors="0">
  <testcase name="verifyFacbookLoginPageFunctionality" time="6.067" classname="com.facebook.testCases.TC_FacebookLoginPage_001"/>
</testsuite> <!-- com.facebook.testCases.TC_FacebookLoginPage_001 -->
