<?xml version="1.0" encoding="UTF-8"?>
<!-- Generated by org.testng.reporters.JUnitReportReporter -->
<testsuite hostname="LAPTOP-J01TQCUN" failures="0" tests="1" name="com.facebook.testCases.TC_FacebookLoginPage_001" time="5.116" errors="0" timestamp="29 Jul 2021 11:11:31 GMT" skipped="0">
  <testcase classname="com.facebook.testCases.TC_FacebookLoginPage_001" name="verifyFacbookLoginPageFunctionality" time="5.116"/>
</testsuite> <!-- com.facebook.testCases.TC_FacebookLoginPage_001 -->
